[debug] [2024-08-16T19:12:28.330Z] ----------------------------------------------------------------------
[debug] [2024-08-16T19:12:28.332Z] Command:       /nix/store/6g9n96qf1yx139xklnmy3v4xhjvjgsji-nodejs-20.12.2/bin/node /nix/store/0h25yhqqkya584b0dyp2sr8rry7a7yb2-firebase-tools-13.10.0/lib/node_modules/firebase-tools/lib/bin/firebase.js login
[debug] [2024-08-16T19:12:28.332Z] CLI Version:   13.10.0
[debug] [2024-08-16T19:12:28.332Z] Platform:      linux
[debug] [2024-08-16T19:12:28.332Z] Node Version:  v20.12.2
[debug] [2024-08-16T19:12:28.332Z] Time:          Fri Aug 16 2024 19:12:28 GMT+0000 (Coordinated Universal Time)
[debug] [2024-08-16T19:12:28.332Z] ----------------------------------------------------------------------
[debug] 
[debug] [2024-08-16T19:12:28.335Z] >>> [apiv2][query] GET https://firebase-public.firebaseio.com/cli.json [none]
[info] i  Firebase optionally collects CLI and Emulator Suite usage and error reporting information to help improve our products. Data is collected in accordance with Google's privacy policy (https://policies.google.com/privacy) and is not used to identify you.
 
[debug] [2024-08-16T19:12:28.528Z] <<< [apiv2][status] GET https://firebase-public.firebaseio.com/cli.json 200
[debug] [2024-08-16T19:12:28.529Z] <<< [apiv2][body] GET https://firebase-public.firebaseio.com/cli.json {"cloudBuildErrorAfter":1594252800000,"cloudBuildWarnAfter":1590019200000,"defaultNode10After":1594252800000,"minVersion":"3.0.5","node8DeploysDisabledAfter":1613390400000,"node8RuntimeDisabledAfter":1615809600000,"node8WarnAfter":1600128000000}
[info] i  To change your data collection preference at any time, run `firebase logout` and log in again. 
[info] 
[info] Visit this URL on this device to log in:
[info] https://accounts.google.com/o/oauth2/auth?client_id=563584335869-fgrhgmd47bqnekij5i8b5pr03ho849e6.apps.googleusercontent.com&scope=email%20openid%20https%3A%2F%2Fwww.googleapis.com%2Fauth%2Fcloudplatformprojects.readonly%20https%3A%2F%2Fwww.googleapis.com%2Fauth%2Ffirebase%20https%3A%2F%2Fwww.googleapis.com%2Fauth%2Fcloud-platform&response_type=code&state=528192041&redirect_uri=http%3A%2F%2Flocalhost%3A9005
[info] 
[info] Waiting for authentication...
[debug] [2024-08-16T19:12:40.075Z] >>> [apiv2][query] POST https://auth.firebase.tools/attest [none]
[debug] [2024-08-16T19:12:40.075Z] >>> [apiv2][body] POST https://auth.firebase.tools/attest {"session_id":"cb69baf8-e58f-44cd-b7b4-f97b7a3be2f5"}
[debug] [2024-08-16T19:12:40.492Z] <<< [apiv2][status] POST https://auth.firebase.tools/attest 200
[debug] [2024-08-16T19:12:40.492Z] <<< [apiv2][body] POST https://auth.firebase.tools/attest {"token":"aatqahFTgXWdBEvJ_ZKdBLU2-8S88zQSHIHM8BTF9bk"}
[info] 
[info] To sign in to the Firebase CLI:
[info] 
[info] 1. Take note of your session ID:
[info] 
[info]    CB69B
[info] 
[info] 2. Visit the URL below on any device and follow the instructions to get your code:
[info] 
[info]    https://auth.firebase.tools/login?code_challenge=HcfZcxmdu9pUOoO9IlADxQyCIR1K4vNVl6UaeEc0OWs&session=cb69baf8-e58f-44cd-b7b4-f97b7a3be2f5&attest=aatqahFTgXWdBEvJ_ZKdBLU2-8S88zQSHIHM8BTF9bk
[info] 
[info] 3. Paste or enter the authorization code below once you have it:
[info] 
[debug] [2024-08-16T19:19:50.633Z] ----------------------------------------------------------------------
[debug] [2024-08-16T19:19:50.636Z] Command:       /nix/store/6g9n96qf1yx139xklnmy3v4xhjvjgsji-nodejs-20.12.2/bin/node /nix/store/0h25yhqqkya584b0dyp2sr8rry7a7yb2-firebase-tools-13.10.0/lib/node_modules/firebase-tools/lib/bin/firebase.js login
[debug] [2024-08-16T19:19:50.636Z] CLI Version:   13.10.0
[debug] [2024-08-16T19:19:50.636Z] Platform:      linux
[debug] [2024-08-16T19:19:50.637Z] Node Version:  v20.12.2
[debug] [2024-08-16T19:19:50.637Z] Time:          Fri Aug 16 2024 19:19:50 GMT+0000 (Coordinated Universal Time)
[debug] [2024-08-16T19:19:50.637Z] ----------------------------------------------------------------------
[debug] 
[info] i  Firebase optionally collects CLI and Emulator Suite usage and error reporting information to help improve our products. Data is collected in accordance with Google's privacy policy (https://policies.google.com/privacy) and is not used to identify you.
 
[info] i  To change your data collection preference at any time, run `firebase logout` and log in again. 
[info] 
[info] Visit this URL on this device to log in:
[info] https://accounts.google.com/o/oauth2/auth?client_id=563584335869-fgrhgmd47bqnekij5i8b5pr03ho849e6.apps.googleusercontent.com&scope=email%20openid%20https%3A%2F%2Fwww.googleapis.com%2Fauth%2Fcloudplatformprojects.readonly%20https%3A%2F%2Fwww.googleapis.com%2Fauth%2Ffirebase%20https%3A%2F%2Fwww.googleapis.com%2Fauth%2Fcloud-platform&response_type=code&state=1046317399&redirect_uri=http%3A%2F%2Flocalhost%3A9005
[info] 
[info] Waiting for authentication...
[debug] [2024-08-16T19:20:22.639Z] >>> [apiv2][query] POST https://auth.firebase.tools/attest [none]
[debug] [2024-08-16T19:20:22.640Z] >>> [apiv2][body] POST https://auth.firebase.tools/attest {"session_id":"b4b75380-e256-4bed-8e50-dd5f71b15ccb"}
[debug] [2024-08-16T19:20:22.879Z] <<< [apiv2][status] POST https://auth.firebase.tools/attest 200
[debug] [2024-08-16T19:20:22.879Z] <<< [apiv2][body] POST https://auth.firebase.tools/attest {"token":"u5H1vu4vuuWLVxzLoZgpZtPhfUx0cUETpn-Hr1QTFII"}
[info] 
[info] To sign in to the Firebase CLI:
[info] 
[info] 1. Take note of your session ID:
[info] 
[info]    B4B75
[info] 
[info] 2. Visit the URL below on any device and follow the instructions to get your code:
[info] 
[info]    https://auth.firebase.tools/login?code_challenge=aBXqecXx9WnoX2woTyOMnewnUfloUMMzfdZO4Wpi2Z8&session=b4b75380-e256-4bed-8e50-dd5f71b15ccb&attest=u5H1vu4vuuWLVxzLoZgpZtPhfUx0cUETpn-Hr1QTFII
[info] 
[info] 3. Paste or enter the authorization code below once you have it:
[info] 
[debug] [2024-08-16T19:24:47.713Z] ----------------------------------------------------------------------
[debug] [2024-08-16T19:24:47.715Z] Command:       /nix/store/6g9n96qf1yx139xklnmy3v4xhjvjgsji-nodejs-20.12.2/bin/node /nix/store/0h25yhqqkya584b0dyp2sr8rry7a7yb2-firebase-tools-13.10.0/lib/node_modules/firebase-tools/lib/bin/firebase.js login
[debug] [2024-08-16T19:24:47.716Z] CLI Version:   13.10.0
[debug] [2024-08-16T19:24:47.716Z] Platform:      linux
[debug] [2024-08-16T19:24:47.716Z] Node Version:  v20.12.2
[debug] [2024-08-16T19:24:47.716Z] Time:          Fri Aug 16 2024 19:24:47 GMT+0000 (Coordinated Universal Time)
[debug] [2024-08-16T19:24:47.716Z] ----------------------------------------------------------------------
[debug] 
[info] i  Firebase optionally collects CLI and Emulator Suite usage and error reporting information to help improve our products. Data is collected in accordance with Google's privacy policy (https://policies.google.com/privacy) and is not used to identify you.
 
[info] i  To change your data collection preference at any time, run `firebase logout` and log in again. 
[info] 
[info] Visit this URL on this device to log in:
[info] https://accounts.google.com/o/oauth2/auth?client_id=563584335869-fgrhgmd47bqnekij5i8b5pr03ho849e6.apps.googleusercontent.com&scope=email%20openid%20https%3A%2F%2Fwww.googleapis.com%2Fauth%2Fcloudplatformprojects.readonly%20https%3A%2F%2Fwww.googleapis.com%2Fauth%2Ffirebase%20https%3A%2F%2Fwww.googleapis.com%2Fauth%2Fcloud-platform&response_type=code&state=1004559515&redirect_uri=http%3A%2F%2Flocalhost%3A9005
[info] 
[info] Waiting for authentication...
[debug] [2024-08-16T19:24:59.443Z] >>> [apiv2][query] POST https://auth.firebase.tools/attest [none]
[debug] [2024-08-16T19:24:59.443Z] >>> [apiv2][body] POST https://auth.firebase.tools/attest {"session_id":"4491156c-e94d-4ee6-a952-bbb060bc8424"}
[debug] [2024-08-16T19:24:59.648Z] <<< [apiv2][status] POST https://auth.firebase.tools/attest 200
[debug] [2024-08-16T19:24:59.648Z] <<< [apiv2][body] POST https://auth.firebase.tools/attest {"token":"pFKjShNS16BT57fb5XomVp025XsGDBmeyacaR7-FI-w"}
[info] 
[info] To sign in to the Firebase CLI:
[info] 
[info] 1. Take note of your session ID:
[info] 
[info]    44911
[info] 
[info] 2. Visit the URL below on any device and follow the instructions to get your code:
[info] 
[info]    https://auth.firebase.tools/login?code_challenge=tuIzQ4w7_Mu9OYbt-fejOuVy8lzpztyCWvW9LlohmeQ&session=4491156c-e94d-4ee6-a952-bbb060bc8424&attest=pFKjShNS16BT57fb5XomVp025XsGDBmeyacaR7-FI-w
[info] 
[info] 3. Paste or enter the authorization code below once you have it:
[info] 
